<?xml version="1.0" encoding="UTF-8"?>
<testsuite name="ru.job4j.auth.controller.PersonControllerTest" tests="5" skipped="0" failures="0" errors="0" timestamp="2020-08-17T14:08:40" hostname="sekator-VivoBook-15-ASUS-Laptop-X540UB" time="0.218">
  <properties/>
  <testcase name="whenFindOnePersonThenStatusOkAndJson" classname="ru.job4j.auth.controller.PersonControllerTest" time="0.149"/>
  <testcase name="whenFindAllPersonsAndReturnJsonWithPersons" classname="ru.job4j.auth.controller.PersonControllerTest" time="0.023"/>
  <testcase name="whenCreatePersonThenStatusCreatedAndJson" classname="ru.job4j.auth.controller.PersonControllerTest" time="0.02"/>
  <testcase name="whenDeletePersonReturnStatusIsOk" classname="ru.job4j.auth.controller.PersonControllerTest" time="0.009"/>
  <testcase name="whenUpdatePersonAndStatusIsOk" classname="ru.job4j.auth.controller.PersonControllerTest" time="0.009"/>
  <system-out><![CDATA[17:08:34.075 [Test worker] DEBUG org.springframework.test.context.junit4.SpringJUnit4ClassRunner - SpringJUnit4ClassRunner constructor called with [class ru.job4j.auth.controller.PersonControllerTest]
17:08:34.078 [Test worker] DEBUG org.springframework.test.context.BootstrapUtils - Instantiating CacheAwareContextLoaderDelegate from class [org.springframework.test.context.cache.DefaultCacheAwareContextLoaderDelegate]
17:08:34.083 [Test worker] DEBUG org.springframework.test.context.BootstrapUtils - Instantiating BootstrapContext using constructor [public org.springframework.test.context.support.DefaultBootstrapContext(java.lang.Class,org.springframework.test.context.CacheAwareContextLoaderDelegate)]
17:08:34.133 [Test worker] DEBUG org.springframework.test.context.BootstrapUtils - Instantiating TestContextBootstrapper for test class [ru.job4j.auth.controller.PersonControllerTest] from class [org.springframework.boot.test.autoconfigure.web.servlet.WebMvcTestContextBootstrapper]
17:08:34.157 [Test worker] INFO org.springframework.boot.test.autoconfigure.web.servlet.WebMvcTestContextBootstrapper - Neither @ContextConfiguration nor @ContextHierarchy found for test class [ru.job4j.auth.controller.PersonControllerTest], using SpringBootContextLoader
17:08:34.162 [Test worker] DEBUG org.springframework.test.context.support.AbstractContextLoader - Did not detect default resource location for test class [ru.job4j.auth.controller.PersonControllerTest]: class path resource [ru/job4j/auth/controller/PersonControllerTest-context.xml] does not exist
17:08:34.164 [Test worker] DEBUG org.springframework.test.context.support.AbstractContextLoader - Did not detect default resource location for test class [ru.job4j.auth.controller.PersonControllerTest]: class path resource [ru/job4j/auth/controller/PersonControllerTestContext.groovy] does not exist
17:08:34.164 [Test worker] INFO org.springframework.test.context.support.AbstractContextLoader - Could not detect default resource locations for test class [ru.job4j.auth.controller.PersonControllerTest]: no resource found for suffixes {-context.xml, Context.groovy}.
17:08:34.166 [Test worker] INFO org.springframework.test.context.support.AnnotationConfigContextLoaderUtils - Could not detect default configuration classes for test class [ru.job4j.auth.controller.PersonControllerTest]: PersonControllerTest does not declare any static, non-private, non-final, nested classes annotated with @Configuration.
17:08:34.426 [Test worker] DEBUG org.springframework.test.context.support.ActiveProfilesUtils - Could not find an 'annotation declaring class' for annotation type [org.springframework.test.context.ActiveProfiles] and class [ru.job4j.auth.controller.PersonControllerTest]
17:08:34.589 [Test worker] DEBUG org.springframework.context.annotation.ClassPathScanningCandidateComponentProvider - Identified candidate component class: file [/home/sekator/projects/Rest_Simple_Test/build/classes/java/main/ru/job4j/auth/AuthApp.class]
17:08:34.590 [Test worker] INFO org.springframework.boot.test.context.SpringBootTestContextBootstrapper - Found @SpringBootConfiguration ru.job4j.auth.AuthApp for test class ru.job4j.auth.controller.PersonControllerTest
17:08:34.594 [Test worker] DEBUG org.springframework.boot.test.autoconfigure.web.servlet.WebMvcTestContextBootstrapper - @TestExecutionListeners is not present for class [ru.job4j.auth.controller.PersonControllerTest]: using defaults.
17:08:34.595 [Test worker] INFO org.springframework.boot.test.autoconfigure.web.servlet.WebMvcTestContextBootstrapper - Loaded default TestExecutionListener class names from location [META-INF/spring.factories]: [org.springframework.boot.test.autoconfigure.restdocs.RestDocsTestExecutionListener, org.springframework.boot.test.autoconfigure.web.client.MockRestServiceServerResetTestExecutionListener, org.springframework.boot.test.autoconfigure.web.servlet.MockMvcPrintOnlyOnFailureTestExecutionListener, org.springframework.boot.test.autoconfigure.web.servlet.WebDriverTestExecutionListener, org.springframework.boot.test.mock.mockito.MockitoTestExecutionListener, org.springframework.boot.test.mock.mockito.ResetMocksTestExecutionListener, org.springframework.test.context.web.ServletTestExecutionListener, org.springframework.test.context.support.DirtiesContextBeforeModesTestExecutionListener, org.springframework.test.context.support.DependencyInjectionTestExecutionListener, org.springframework.test.context.support.DirtiesContextTestExecutionListener, org.springframework.test.context.transaction.TransactionalTestExecutionListener, org.springframework.test.context.jdbc.SqlScriptsTestExecutionListener, org.springframework.test.context.event.EventPublishingTestExecutionListener]
17:08:34.659 [Test worker] INFO org.springframework.boot.test.autoconfigure.web.servlet.WebMvcTestContextBootstrapper - Using TestExecutionListeners: [org.springframework.test.context.web.ServletTestExecutionListener@1c5846f3, org.springframework.test.context.support.DirtiesContextBeforeModesTestExecutionListener@3b12fae2, org.springframework.boot.test.mock.mockito.MockitoTestExecutionListener@386f1ac3, org.springframework.boot.test.autoconfigure.SpringBootDependencyInjectionTestExecutionListener@1dc61e6e, org.springframework.test.context.support.DirtiesContextTestExecutionListener@43f7acfb, org.springframework.test.context.transaction.TransactionalTestExecutionListener@6f9e8b8d, org.springframework.test.context.jdbc.SqlScriptsTestExecutionListener@2fe72dbf, org.springframework.test.context.event.EventPublishingTestExecutionListener@2ff7343, org.springframework.boot.test.autoconfigure.restdocs.RestDocsTestExecutionListener@7c919793, org.springframework.boot.test.autoconfigure.web.client.MockRestServiceServerResetTestExecutionListener@6748a96f, org.springframework.boot.test.autoconfigure.web.servlet.MockMvcPrintOnlyOnFailureTestExecutionListener@71d4eaec, org.springframework.boot.test.autoconfigure.web.servlet.WebDriverTestExecutionListener@848fafe, org.springframework.boot.test.mock.mockito.ResetMocksTestExecutionListener@7815d96b]
17:08:34.662 [Test worker] DEBUG org.springframework.test.annotation.ProfileValueUtils - Retrieved @ProfileValueSourceConfiguration [null] for test class [ru.job4j.auth.controller.PersonControllerTest]
17:08:34.663 [Test worker] DEBUG org.springframework.test.annotation.ProfileValueUtils - Retrieved ProfileValueSource type [class org.springframework.test.annotation.SystemProfileValueSource] for class [ru.job4j.auth.controller.PersonControllerTest]
17:08:34.664 [Test worker] DEBUG org.springframework.test.annotation.ProfileValueUtils - Retrieved @ProfileValueSourceConfiguration [null] for test class [ru.job4j.auth.controller.PersonControllerTest]
17:08:34.664 [Test worker] DEBUG org.springframework.test.annotation.ProfileValueUtils - Retrieved ProfileValueSource type [class org.springframework.test.annotation.SystemProfileValueSource] for class [ru.job4j.auth.controller.PersonControllerTest]
17:08:34.665 [Test worker] DEBUG org.springframework.test.annotation.ProfileValueUtils - Retrieved @ProfileValueSourceConfiguration [null] for test class [ru.job4j.auth.controller.PersonControllerTest]
17:08:34.665 [Test worker] DEBUG org.springframework.test.annotation.ProfileValueUtils - Retrieved ProfileValueSource type [class org.springframework.test.annotation.SystemProfileValueSource] for class [ru.job4j.auth.controller.PersonControllerTest]
17:08:34.665 [Test worker] DEBUG org.springframework.test.annotation.ProfileValueUtils - Retrieved @ProfileValueSourceConfiguration [null] for test class [ru.job4j.auth.controller.PersonControllerTest]
17:08:34.666 [Test worker] DEBUG org.springframework.test.annotation.ProfileValueUtils - Retrieved ProfileValueSource type [class org.springframework.test.annotation.SystemProfileValueSource] for class [ru.job4j.auth.controller.PersonControllerTest]
17:08:34.673 [Test worker] DEBUG org.springframework.test.context.support.AbstractDirtiesContextTestExecutionListener - Before test class: context [DefaultTestContext@674f0708 testClass = PersonControllerTest, testInstance = [null], testMethod = [null], testException = [null], mergedContextConfiguration = [WebMergedContextConfiguration@536f9bd0 testClass = PersonControllerTest, locations = '{}', classes = '{class ru.job4j.auth.AuthApp}', contextInitializerClasses = '[]', activeProfiles = '{}', propertySourceLocations = '{}', propertySourceProperties = '{org.springframework.boot.test.autoconfigure.web.servlet.WebMvcTestContextBootstrapper=true}', contextCustomizers = set[org.springframework.boot.test.autoconfigure.OverrideAutoConfigurationContextCustomizerFactory$DisableAutoConfigurationContextCustomizer@beec5ca, org.springframework.boot.test.autoconfigure.filter.TypeExcludeFiltersContextCustomizer@6ffb9fca, org.springframework.boot.test.autoconfigure.properties.PropertyMappingContextCustomizer@e07c73a1, org.springframework.boot.test.autoconfigure.web.servlet.WebDriverContextCustomizerFactory$Customizer@7aa40bbd, [ImportsContextCustomizer@e5e8467 key = [org.springframework.boot.autoconfigure.cache.CacheAutoConfiguration, org.springframework.boot.autoconfigure.context.MessageSourceAutoConfiguration, org.springframework.boot.autoconfigure.data.web.SpringDataWebAutoConfiguration, org.springframework.boot.autoconfigure.freemarker.FreeMarkerAutoConfiguration, org.springframework.boot.autoconfigure.groovy.template.GroovyTemplateAutoConfiguration, org.springframework.boot.autoconfigure.gson.GsonAutoConfiguration, org.springframework.boot.autoconfigure.hateoas.HypermediaAutoConfiguration, org.springframework.boot.autoconfigure.http.HttpMessageConvertersAutoConfiguration, org.springframework.boot.autoconfigure.jackson.JacksonAutoConfiguration, org.springframework.boot.autoconfigure.jsonb.JsonbAutoConfiguration, org.springframework.boot.autoconfigure.mustache.MustacheAutoConfiguration, org.springframework.boot.autoconfigure.task.TaskExecutionAutoConfiguration, org.springframework.boot.autoconfigure.thymeleaf.ThymeleafAutoConfiguration, org.springframework.boot.autoconfigure.validation.ValidationAutoConfiguration, org.springframework.boot.autoconfigure.web.servlet.error.ErrorMvcAutoConfiguration, org.springframework.boot.autoconfigure.web.servlet.WebMvcAutoConfiguration, org.springframework.boot.test.autoconfigure.web.servlet.MockMvcAutoConfiguration, org.springframework.boot.test.autoconfigure.web.servlet.MockMvcWebClientAutoConfiguration, org.springframework.boot.test.autoconfigure.web.servlet.MockMvcWebDriverAutoConfiguration, org.springframework.boot.autoconfigure.security.servlet.SecurityAutoConfiguration, org.springframework.boot.autoconfigure.security.servlet.UserDetailsServiceAutoConfiguration, org.springframework.boot.test.autoconfigure.web.servlet.MockMvcSecurityConfiguration]], org.springframework.boot.test.context.filter.ExcludeFilterContextCustomizer@430d5793, org.springframework.boot.test.json.DuplicateJsonObjectContextCustomizerFactory$DuplicateJsonObjectContextCustomizer@3c47474b, org.springframework.boot.test.mock.mockito.MockitoContextCustomizer@32511b85], resourceBasePath = 'src/main/webapp', contextLoader = 'org.springframework.boot.test.context.SpringBootContextLoader', parent = [null]], attributes = map[[empty]]], class annotated with @DirtiesContext [false] with mode [null].
17:08:34.680 [Test worker] DEBUG org.springframework.test.annotation.ProfileValueUtils - Retrieved @ProfileValueSourceConfiguration [null] for test class [ru.job4j.auth.controller.PersonControllerTest]
17:08:34.680 [Test worker] DEBUG org.springframework.test.annotation.ProfileValueUtils - Retrieved ProfileValueSource type [class org.springframework.test.annotation.SystemProfileValueSource] for class [ru.job4j.auth.controller.PersonControllerTest]
17:08:34.930 [Test worker] DEBUG org.springframework.test.context.support.TestPropertySourceUtils - Adding inlined properties to environment: {spring.jmx.enabled=false, org.springframework.boot.test.autoconfigure.web.servlet.WebMvcTestContextBootstrapper=true, server.port=-1}

  .   ____          _            __ _ _
 /\\ / ___'_ __ _ _(_)_ __  __ _ \ \ \ \
( ( )\___ | '_ | '_| | '_ \/ _` | \ \ \ \
 \\/  ___)| |_)| | | | | || (_| |  ) ) ) )
  '  |____| .__|_| |_|_| |_\__, | / / / /
 =========|_|==============|___/=/_/_/_/
 :: Spring Boot ::        (v2.2.6.RELEASE)

2020-08-17 17:08:36.128  INFO 25114 --- [    Test worker] r.j.a.controller.PersonControllerTest    : Starting PersonControllerTest on sekator-VivoBook-15-ASUS-Laptop-X540UB with PID 25114 (started by sekator in /home/sekator/projects/Rest_Simple_Test)
2020-08-17 17:08:36.135  INFO 25114 --- [    Test worker] r.j.a.controller.PersonControllerTest    : No active profile set, falling back to default profiles: default
2020-08-17 17:08:39.625  INFO 25114 --- [    Test worker] o.s.s.concurrent.ThreadPoolTaskExecutor  : Initializing ExecutorService 'applicationTaskExecutor'
2020-08-17 17:08:40.015  INFO 25114 --- [    Test worker] o.s.b.t.m.w.SpringBootMockServletContext : Initializing Spring TestDispatcherServlet ''
2020-08-17 17:08:40.016  INFO 25114 --- [    Test worker] o.s.t.web.servlet.TestDispatcherServlet  : Initializing Servlet ''
2020-08-17 17:08:40.035  INFO 25114 --- [    Test worker] o.s.t.web.servlet.TestDispatcherServlet  : Completed initialization in 19 ms
2020-08-17 17:08:40.077  INFO 25114 --- [    Test worker] r.j.a.controller.PersonControllerTest    : Started PersonControllerTest in 5.129 seconds (JVM running for 9.504)
]]></system-out>
  <system-err><![CDATA[]]></system-err>
</testsuite>
