<?xml version="1.0" encoding="UTF-8"?>
<testsuite name="ru.job4j.auth.controller.PersonControllerTest" tests="5" skipped="0" failures="0" errors="0" timestamp="2020-08-17T14:13:53" hostname="sekator-VivoBook-15-ASUS-Laptop-X540UB" time="0.483">
  <properties/>
  <testcase name="whenFindOnePersonThenStatusOkAndJson" classname="ru.job4j.auth.controller.PersonControllerTest" time="0.351"/>
  <testcase name="whenFindAllPersonsAndReturnJsonWithPersons" classname="ru.job4j.auth.controller.PersonControllerTest" time="0.031"/>
  <testcase name="whenCreatePersonThenStatusCreatedAndJson" classname="ru.job4j.auth.controller.PersonControllerTest" time="0.072"/>
  <testcase name="whenDeletePersonReturnStatusIsOk" classname="ru.job4j.auth.controller.PersonControllerTest" time="0.011"/>
  <testcase name="whenUpdatePersonAndStatusIsOk" classname="ru.job4j.auth.controller.PersonControllerTest" time="0.009"/>
  <system-out><![CDATA[17:13:48.407 [Test worker] DEBUG org.springframework.test.context.junit4.SpringJUnit4ClassRunner - SpringJUnit4ClassRunner constructor called with [class ru.job4j.auth.controller.PersonControllerTest]
17:13:48.426 [Test worker] DEBUG org.springframework.test.context.BootstrapUtils - Instantiating CacheAwareContextLoaderDelegate from class [org.springframework.test.context.cache.DefaultCacheAwareContextLoaderDelegate]
17:13:48.451 [Test worker] DEBUG org.springframework.test.context.BootstrapUtils - Instantiating BootstrapContext using constructor [public org.springframework.test.context.support.DefaultBootstrapContext(java.lang.Class,org.springframework.test.context.CacheAwareContextLoaderDelegate)]
17:13:48.565 [Test worker] DEBUG org.springframework.test.context.BootstrapUtils - Instantiating TestContextBootstrapper for test class [ru.job4j.auth.controller.PersonControllerTest] from class [org.springframework.boot.test.autoconfigure.web.servlet.WebMvcTestContextBootstrapper]
17:13:48.596 [Test worker] INFO org.springframework.boot.test.autoconfigure.web.servlet.WebMvcTestContextBootstrapper - Neither @ContextConfiguration nor @ContextHierarchy found for test class [ru.job4j.auth.controller.PersonControllerTest], using SpringBootContextLoader
17:13:48.604 [Test worker] DEBUG org.springframework.test.context.support.AbstractContextLoader - Did not detect default resource location for test class [ru.job4j.auth.controller.PersonControllerTest]: class path resource [ru/job4j/auth/controller/PersonControllerTest-context.xml] does not exist
17:13:48.605 [Test worker] DEBUG org.springframework.test.context.support.AbstractContextLoader - Did not detect default resource location for test class [ru.job4j.auth.controller.PersonControllerTest]: class path resource [ru/job4j/auth/controller/PersonControllerTestContext.groovy] does not exist
17:13:48.606 [Test worker] INFO org.springframework.test.context.support.AbstractContextLoader - Could not detect default resource locations for test class [ru.job4j.auth.controller.PersonControllerTest]: no resource found for suffixes {-context.xml, Context.groovy}.
17:13:48.608 [Test worker] INFO org.springframework.test.context.support.AnnotationConfigContextLoaderUtils - Could not detect default configuration classes for test class [ru.job4j.auth.controller.PersonControllerTest]: PersonControllerTest does not declare any static, non-private, non-final, nested classes annotated with @Configuration.
17:13:48.768 [Test worker] DEBUG org.springframework.test.context.support.ActiveProfilesUtils - Could not find an 'annotation declaring class' for annotation type [org.springframework.test.context.ActiveProfiles] and class [ru.job4j.auth.controller.PersonControllerTest]
17:13:48.962 [Test worker] DEBUG org.springframework.context.annotation.ClassPathScanningCandidateComponentProvider - Identified candidate component class: file [/home/sekator/projects/Rest_Simple_Test/build/classes/java/main/ru/job4j/auth/AuthApp.class]
17:13:48.965 [Test worker] INFO org.springframework.boot.test.context.SpringBootTestContextBootstrapper - Found @SpringBootConfiguration ru.job4j.auth.AuthApp for test class ru.job4j.auth.controller.PersonControllerTest
17:13:48.972 [Test worker] DEBUG org.springframework.boot.test.autoconfigure.web.servlet.WebMvcTestContextBootstrapper - @TestExecutionListeners is not present for class [ru.job4j.auth.controller.PersonControllerTest]: using defaults.
17:13:48.974 [Test worker] INFO org.springframework.boot.test.autoconfigure.web.servlet.WebMvcTestContextBootstrapper - Loaded default TestExecutionListener class names from location [META-INF/spring.factories]: [org.springframework.boot.test.autoconfigure.restdocs.RestDocsTestExecutionListener, org.springframework.boot.test.autoconfigure.web.client.MockRestServiceServerResetTestExecutionListener, org.springframework.boot.test.autoconfigure.web.servlet.MockMvcPrintOnlyOnFailureTestExecutionListener, org.springframework.boot.test.autoconfigure.web.servlet.WebDriverTestExecutionListener, org.springframework.boot.test.mock.mockito.MockitoTestExecutionListener, org.springframework.boot.test.mock.mockito.ResetMocksTestExecutionListener, org.springframework.test.context.web.ServletTestExecutionListener, org.springframework.test.context.support.DirtiesContextBeforeModesTestExecutionListener, org.springframework.test.context.support.DependencyInjectionTestExecutionListener, org.springframework.test.context.support.DirtiesContextTestExecutionListener, org.springframework.test.context.transaction.TransactionalTestExecutionListener, org.springframework.test.context.jdbc.SqlScriptsTestExecutionListener, org.springframework.test.context.event.EventPublishingTestExecutionListener]
17:13:49.022 [Test worker] INFO org.springframework.boot.test.autoconfigure.web.servlet.WebMvcTestContextBootstrapper - Using TestExecutionListeners: [org.springframework.test.context.web.ServletTestExecutionListener@62a56342, org.springframework.test.context.support.DirtiesContextBeforeModesTestExecutionListener@2916e6ef, org.springframework.boot.test.mock.mockito.MockitoTestExecutionListener@20b7bf66, org.springframework.boot.test.autoconfigure.SpringBootDependencyInjectionTestExecutionListener@6febef8f, org.springframework.test.context.support.DirtiesContextTestExecutionListener@261d2e43, org.springframework.test.context.transaction.TransactionalTestExecutionListener@38a295f1, org.springframework.test.context.jdbc.SqlScriptsTestExecutionListener@25f3410c, org.springframework.test.context.event.EventPublishingTestExecutionListener@155455aa, org.springframework.boot.test.autoconfigure.restdocs.RestDocsTestExecutionListener@5af41e75, org.springframework.boot.test.autoconfigure.web.client.MockRestServiceServerResetTestExecutionListener@765505c7, org.springframework.boot.test.autoconfigure.web.servlet.MockMvcPrintOnlyOnFailureTestExecutionListener@4991c120, org.springframework.boot.test.autoconfigure.web.servlet.WebDriverTestExecutionListener@7e5f24bd, org.springframework.boot.test.mock.mockito.ResetMocksTestExecutionListener@4a28ab5]
17:13:49.031 [Test worker] DEBUG org.springframework.test.annotation.ProfileValueUtils - Retrieved @ProfileValueSourceConfiguration [null] for test class [ru.job4j.auth.controller.PersonControllerTest]
17:13:49.036 [Test worker] DEBUG org.springframework.test.annotation.ProfileValueUtils - Retrieved ProfileValueSource type [class org.springframework.test.annotation.SystemProfileValueSource] for class [ru.job4j.auth.controller.PersonControllerTest]
17:13:49.041 [Test worker] DEBUG org.springframework.test.annotation.ProfileValueUtils - Retrieved @ProfileValueSourceConfiguration [null] for test class [ru.job4j.auth.controller.PersonControllerTest]
17:13:49.041 [Test worker] DEBUG org.springframework.test.annotation.ProfileValueUtils - Retrieved ProfileValueSource type [class org.springframework.test.annotation.SystemProfileValueSource] for class [ru.job4j.auth.controller.PersonControllerTest]
17:13:49.044 [Test worker] DEBUG org.springframework.test.annotation.ProfileValueUtils - Retrieved @ProfileValueSourceConfiguration [null] for test class [ru.job4j.auth.controller.PersonControllerTest]
17:13:49.045 [Test worker] DEBUG org.springframework.test.annotation.ProfileValueUtils - Retrieved ProfileValueSource type [class org.springframework.test.annotation.SystemProfileValueSource] for class [ru.job4j.auth.controller.PersonControllerTest]
17:13:49.048 [Test worker] DEBUG org.springframework.test.annotation.ProfileValueUtils - Retrieved @ProfileValueSourceConfiguration [null] for test class [ru.job4j.auth.controller.PersonControllerTest]
17:13:49.049 [Test worker] DEBUG org.springframework.test.annotation.ProfileValueUtils - Retrieved ProfileValueSource type [class org.springframework.test.annotation.SystemProfileValueSource] for class [ru.job4j.auth.controller.PersonControllerTest]
17:13:49.059 [Test worker] DEBUG org.springframework.test.context.support.AbstractDirtiesContextTestExecutionListener - Before test class: context [DefaultTestContext@649f4f68 testClass = PersonControllerTest, testInstance = [null], testMethod = [null], testException = [null], mergedContextConfiguration = [WebMergedContextConfiguration@42ed6052 testClass = PersonControllerTest, locations = '{}', classes = '{class ru.job4j.auth.AuthApp}', contextInitializerClasses = '[]', activeProfiles = '{}', propertySourceLocations = '{}', propertySourceProperties = '{org.springframework.boot.test.autoconfigure.web.servlet.WebMvcTestContextBootstrapper=true}', contextCustomizers = set[org.springframework.boot.test.autoconfigure.OverrideAutoConfigurationContextCustomizerFactory$DisableAutoConfigurationContextCustomizer@5b4fc7f1, org.springframework.boot.test.autoconfigure.filter.TypeExcludeFiltersContextCustomizer@bd3e7fa2, org.springframework.boot.test.autoconfigure.properties.PropertyMappingContextCustomizer@e75c3dac, org.springframework.boot.test.autoconfigure.web.servlet.WebDriverContextCustomizerFactory$Customizer@2449a7c1, [ImportsContextCustomizer@3d45cf54 key = [org.springframework.boot.autoconfigure.cache.CacheAutoConfiguration, org.springframework.boot.autoconfigure.context.MessageSourceAutoConfiguration, org.springframework.boot.autoconfigure.data.web.SpringDataWebAutoConfiguration, org.springframework.boot.autoconfigure.freemarker.FreeMarkerAutoConfiguration, org.springframework.boot.autoconfigure.groovy.template.GroovyTemplateAutoConfiguration, org.springframework.boot.autoconfigure.gson.GsonAutoConfiguration, org.springframework.boot.autoconfigure.hateoas.HypermediaAutoConfiguration, org.springframework.boot.autoconfigure.http.HttpMessageConvertersAutoConfiguration, org.springframework.boot.autoconfigure.jackson.JacksonAutoConfiguration, org.springframework.boot.autoconfigure.jsonb.JsonbAutoConfiguration, org.springframework.boot.autoconfigure.mustache.MustacheAutoConfiguration, org.springframework.boot.autoconfigure.task.TaskExecutionAutoConfiguration, org.springframework.boot.autoconfigure.thymeleaf.ThymeleafAutoConfiguration, org.springframework.boot.autoconfigure.validation.ValidationAutoConfiguration, org.springframework.boot.autoconfigure.web.servlet.error.ErrorMvcAutoConfiguration, org.springframework.boot.autoconfigure.web.servlet.WebMvcAutoConfiguration, org.springframework.boot.test.autoconfigure.web.servlet.MockMvcAutoConfiguration, org.springframework.boot.test.autoconfigure.web.servlet.MockMvcWebClientAutoConfiguration, org.springframework.boot.test.autoconfigure.web.servlet.MockMvcWebDriverAutoConfiguration, org.springframework.boot.autoconfigure.security.servlet.SecurityAutoConfiguration, org.springframework.boot.autoconfigure.security.servlet.UserDetailsServiceAutoConfiguration, org.springframework.boot.test.autoconfigure.web.servlet.MockMvcSecurityConfiguration]], org.springframework.boot.test.context.filter.ExcludeFilterContextCustomizer@6a5478c6, org.springframework.boot.test.json.DuplicateJsonObjectContextCustomizerFactory$DuplicateJsonObjectContextCustomizer@1771ac80, org.springframework.boot.test.mock.mockito.MockitoContextCustomizer@547b23ed], resourceBasePath = 'src/main/webapp', contextLoader = 'org.springframework.boot.test.context.SpringBootContextLoader', parent = [null]], attributes = map[[empty]]], class annotated with @DirtiesContext [false] with mode [null].
17:13:49.065 [Test worker] DEBUG org.springframework.test.annotation.ProfileValueUtils - Retrieved @ProfileValueSourceConfiguration [null] for test class [ru.job4j.auth.controller.PersonControllerTest]
17:13:49.066 [Test worker] DEBUG org.springframework.test.annotation.ProfileValueUtils - Retrieved ProfileValueSource type [class org.springframework.test.annotation.SystemProfileValueSource] for class [ru.job4j.auth.controller.PersonControllerTest]
17:13:49.306 [Test worker] DEBUG org.springframework.test.context.support.TestPropertySourceUtils - Adding inlined properties to environment: {spring.jmx.enabled=false, org.springframework.boot.test.autoconfigure.web.servlet.WebMvcTestContextBootstrapper=true, server.port=-1}

  .   ____          _            __ _ _
 /\\ / ___'_ __ _ _(_)_ __  __ _ \ \ \ \
( ( )\___ | '_ | '_| | '_ \/ _` | \ \ \ \
 \\/  ___)| |_)| | | | | || (_| |  ) ) ) )
  '  |____| .__|_| |_|_| |_\__, | / / / /
 =========|_|==============|___/=/_/_/_/
 :: Spring Boot ::        (v2.2.6.RELEASE)

2020-08-17 17:13:50.118  INFO 25798 --- [    Test worker] r.j.a.controller.PersonControllerTest    : Starting PersonControllerTest on sekator-VivoBook-15-ASUS-Laptop-X540UB with PID 25798 (started by sekator in /home/sekator/projects/Rest_Simple_Test)
2020-08-17 17:13:50.129  INFO 25798 --- [    Test worker] r.j.a.controller.PersonControllerTest    : No active profile set, falling back to default profiles: default
2020-08-17 17:13:53.013  INFO 25798 --- [    Test worker] o.s.s.concurrent.ThreadPoolTaskExecutor  : Initializing ExecutorService 'applicationTaskExecutor'
2020-08-17 17:13:53.534  INFO 25798 --- [    Test worker] o.s.b.t.m.w.SpringBootMockServletContext : Initializing Spring TestDispatcherServlet ''
2020-08-17 17:13:53.535  INFO 25798 --- [    Test worker] o.s.t.web.servlet.TestDispatcherServlet  : Initializing Servlet ''
2020-08-17 17:13:53.560  INFO 25798 --- [    Test worker] o.s.t.web.servlet.TestDispatcherServlet  : Completed initialization in 25 ms
2020-08-17 17:13:53.643  INFO 25798 --- [    Test worker] r.j.a.controller.PersonControllerTest    : Started PersonControllerTest in 4.318 seconds (JVM running for 6.419)
]]></system-out>
  <system-err><![CDATA[]]></system-err>
</testsuite>
