<?xml version="1.0" encoding="UTF-8"?>
<testsuite name="ru.job4j.auth.controller.PersonControllerTest" tests="5" skipped="0" failures="0" errors="0" timestamp="2020-08-14T15:42:07" hostname="sekator-VivoBook-15-ASUS-Laptop-X540UB" time="0.471">
  <properties/>
  <testcase name="whenFindOnePersonThenStatusOkAndJson" classname="ru.job4j.auth.controller.PersonControllerTest" time="0.335"/>
  <testcase name="whenCreatePersonThenStatusCreatedAndJson" classname="ru.job4j.auth.controller.PersonControllerTest" time="0.079"/>
  <testcase name="whenDeletePersonReturnStatusIsOk" classname="ru.job4j.auth.controller.PersonControllerTest" time="0.016"/>
  <testcase name="whenUpdatePersonThenPutMethodAndStatusIsOk" classname="ru.job4j.auth.controller.PersonControllerTest" time="0.011"/>
  <testcase name="whenFindAllPersonsThenReturnJsonWithPersons" classname="ru.job4j.auth.controller.PersonControllerTest" time="0.02"/>
  <system-out><![CDATA[18:42:03.237 [Test worker] DEBUG org.springframework.test.context.junit4.SpringJUnit4ClassRunner - SpringJUnit4ClassRunner constructor called with [class ru.job4j.auth.controller.PersonControllerTest]
18:42:03.251 [Test worker] DEBUG org.springframework.test.context.BootstrapUtils - Instantiating CacheAwareContextLoaderDelegate from class [org.springframework.test.context.cache.DefaultCacheAwareContextLoaderDelegate]
18:42:03.265 [Test worker] DEBUG org.springframework.test.context.BootstrapUtils - Instantiating BootstrapContext using constructor [public org.springframework.test.context.support.DefaultBootstrapContext(java.lang.Class,org.springframework.test.context.CacheAwareContextLoaderDelegate)]
18:42:03.346 [Test worker] DEBUG org.springframework.test.context.BootstrapUtils - Instantiating TestContextBootstrapper for test class [ru.job4j.auth.controller.PersonControllerTest] from class [org.springframework.boot.test.autoconfigure.web.servlet.WebMvcTestContextBootstrapper]
18:42:03.372 [Test worker] INFO org.springframework.boot.test.autoconfigure.web.servlet.WebMvcTestContextBootstrapper - Neither @ContextConfiguration nor @ContextHierarchy found for test class [ru.job4j.auth.controller.PersonControllerTest], using SpringBootContextLoader
18:42:03.379 [Test worker] DEBUG org.springframework.test.context.support.AbstractContextLoader - Did not detect default resource location for test class [ru.job4j.auth.controller.PersonControllerTest]: class path resource [ru/job4j/auth/controller/PersonControllerTest-context.xml] does not exist
18:42:03.381 [Test worker] DEBUG org.springframework.test.context.support.AbstractContextLoader - Did not detect default resource location for test class [ru.job4j.auth.controller.PersonControllerTest]: class path resource [ru/job4j/auth/controller/PersonControllerTestContext.groovy] does not exist
18:42:03.385 [Test worker] INFO org.springframework.test.context.support.AbstractContextLoader - Could not detect default resource locations for test class [ru.job4j.auth.controller.PersonControllerTest]: no resource found for suffixes {-context.xml, Context.groovy}.
18:42:03.387 [Test worker] INFO org.springframework.test.context.support.AnnotationConfigContextLoaderUtils - Could not detect default configuration classes for test class [ru.job4j.auth.controller.PersonControllerTest]: PersonControllerTest does not declare any static, non-private, non-final, nested classes annotated with @Configuration.
18:42:03.537 [Test worker] DEBUG org.springframework.test.context.support.ActiveProfilesUtils - Could not find an 'annotation declaring class' for annotation type [org.springframework.test.context.ActiveProfiles] and class [ru.job4j.auth.controller.PersonControllerTest]
18:42:03.671 [Test worker] DEBUG org.springframework.context.annotation.ClassPathScanningCandidateComponentProvider - Identified candidate component class: file [/home/sekator/чуже/job4j_rest-master/build/classes/java/main/ru/job4j/auth/AuthApp.class]
18:42:03.673 [Test worker] INFO org.springframework.boot.test.context.SpringBootTestContextBootstrapper - Found @SpringBootConfiguration ru.job4j.auth.AuthApp for test class ru.job4j.auth.controller.PersonControllerTest
18:42:03.676 [Test worker] DEBUG org.springframework.boot.test.autoconfigure.web.servlet.WebMvcTestContextBootstrapper - @TestExecutionListeners is not present for class [ru.job4j.auth.controller.PersonControllerTest]: using defaults.
18:42:03.677 [Test worker] INFO org.springframework.boot.test.autoconfigure.web.servlet.WebMvcTestContextBootstrapper - Loaded default TestExecutionListener class names from location [META-INF/spring.factories]: [org.springframework.boot.test.autoconfigure.restdocs.RestDocsTestExecutionListener, org.springframework.boot.test.autoconfigure.web.client.MockRestServiceServerResetTestExecutionListener, org.springframework.boot.test.autoconfigure.web.servlet.MockMvcPrintOnlyOnFailureTestExecutionListener, org.springframework.boot.test.autoconfigure.web.servlet.WebDriverTestExecutionListener, org.springframework.boot.test.mock.mockito.MockitoTestExecutionListener, org.springframework.boot.test.mock.mockito.ResetMocksTestExecutionListener, org.springframework.test.context.web.ServletTestExecutionListener, org.springframework.test.context.support.DirtiesContextBeforeModesTestExecutionListener, org.springframework.test.context.support.DependencyInjectionTestExecutionListener, org.springframework.test.context.support.DirtiesContextTestExecutionListener, org.springframework.test.context.transaction.TransactionalTestExecutionListener, org.springframework.test.context.jdbc.SqlScriptsTestExecutionListener, org.springframework.test.context.event.EventPublishingTestExecutionListener]
18:42:03.705 [Test worker] INFO org.springframework.boot.test.autoconfigure.web.servlet.WebMvcTestContextBootstrapper - Using TestExecutionListeners: [org.springframework.test.context.web.ServletTestExecutionListener@35d1035d, org.springframework.test.context.support.DirtiesContextBeforeModesTestExecutionListener@22d7b790, org.springframework.boot.test.mock.mockito.MockitoTestExecutionListener@23c62488, org.springframework.boot.test.autoconfigure.SpringBootDependencyInjectionTestExecutionListener@5366b845, org.springframework.test.context.support.DirtiesContextTestExecutionListener@6e90829f, org.springframework.test.context.transaction.TransactionalTestExecutionListener@7164c3ea, org.springframework.test.context.jdbc.SqlScriptsTestExecutionListener@63144b2a, org.springframework.test.context.event.EventPublishingTestExecutionListener@556639d, org.springframework.boot.test.autoconfigure.restdocs.RestDocsTestExecutionListener@6fb89dd2, org.springframework.boot.test.autoconfigure.web.client.MockRestServiceServerResetTestExecutionListener@3894785c, org.springframework.boot.test.autoconfigure.web.servlet.MockMvcPrintOnlyOnFailureTestExecutionListener@7998297f, org.springframework.boot.test.autoconfigure.web.servlet.WebDriverTestExecutionListener@4f64e75a, org.springframework.boot.test.mock.mockito.ResetMocksTestExecutionListener@6499a569]
18:42:03.708 [Test worker] DEBUG org.springframework.test.annotation.ProfileValueUtils - Retrieved @ProfileValueSourceConfiguration [null] for test class [ru.job4j.auth.controller.PersonControllerTest]
18:42:03.710 [Test worker] DEBUG org.springframework.test.annotation.ProfileValueUtils - Retrieved ProfileValueSource type [class org.springframework.test.annotation.SystemProfileValueSource] for class [ru.job4j.auth.controller.PersonControllerTest]
18:42:03.714 [Test worker] DEBUG org.springframework.test.annotation.ProfileValueUtils - Retrieved @ProfileValueSourceConfiguration [null] for test class [ru.job4j.auth.controller.PersonControllerTest]
18:42:03.714 [Test worker] DEBUG org.springframework.test.annotation.ProfileValueUtils - Retrieved ProfileValueSource type [class org.springframework.test.annotation.SystemProfileValueSource] for class [ru.job4j.auth.controller.PersonControllerTest]
18:42:03.718 [Test worker] DEBUG org.springframework.test.annotation.ProfileValueUtils - Retrieved @ProfileValueSourceConfiguration [null] for test class [ru.job4j.auth.controller.PersonControllerTest]
18:42:03.719 [Test worker] DEBUG org.springframework.test.annotation.ProfileValueUtils - Retrieved ProfileValueSource type [class org.springframework.test.annotation.SystemProfileValueSource] for class [ru.job4j.auth.controller.PersonControllerTest]
18:42:03.721 [Test worker] DEBUG org.springframework.test.annotation.ProfileValueUtils - Retrieved @ProfileValueSourceConfiguration [null] for test class [ru.job4j.auth.controller.PersonControllerTest]
18:42:03.722 [Test worker] DEBUG org.springframework.test.annotation.ProfileValueUtils - Retrieved ProfileValueSource type [class org.springframework.test.annotation.SystemProfileValueSource] for class [ru.job4j.auth.controller.PersonControllerTest]
18:42:03.723 [Test worker] DEBUG org.springframework.test.annotation.ProfileValueUtils - Retrieved @ProfileValueSourceConfiguration [null] for test class [ru.job4j.auth.controller.PersonControllerTest]
18:42:03.724 [Test worker] DEBUG org.springframework.test.annotation.ProfileValueUtils - Retrieved ProfileValueSource type [class org.springframework.test.annotation.SystemProfileValueSource] for class [ru.job4j.auth.controller.PersonControllerTest]
18:42:03.733 [Test worker] DEBUG org.springframework.test.context.support.AbstractDirtiesContextTestExecutionListener - Before test class: context [DefaultTestContext@77fac92 testClass = PersonControllerTest, testInstance = [null], testMethod = [null], testException = [null], mergedContextConfiguration = [WebMergedContextConfiguration@1ff1e305 testClass = PersonControllerTest, locations = '{}', classes = '{class ru.job4j.auth.AuthApp}', contextInitializerClasses = '[]', activeProfiles = '{}', propertySourceLocations = '{}', propertySourceProperties = '{org.springframework.boot.test.autoconfigure.web.servlet.WebMvcTestContextBootstrapper=true}', contextCustomizers = set[org.springframework.boot.test.autoconfigure.OverrideAutoConfigurationContextCustomizerFactory$DisableAutoConfigurationContextCustomizer@59051ed6, org.springframework.boot.test.autoconfigure.filter.TypeExcludeFiltersContextCustomizer@c5cd4045, org.springframework.boot.test.autoconfigure.properties.PropertyMappingContextCustomizer@16eb0762, org.springframework.boot.test.autoconfigure.web.servlet.WebDriverContextCustomizerFactory$Customizer@3f0522db, [ImportsContextCustomizer@1c54914c key = [org.springframework.boot.autoconfigure.cache.CacheAutoConfiguration, org.springframework.boot.autoconfigure.context.MessageSourceAutoConfiguration, org.springframework.boot.autoconfigure.data.web.SpringDataWebAutoConfiguration, org.springframework.boot.autoconfigure.freemarker.FreeMarkerAutoConfiguration, org.springframework.boot.autoconfigure.groovy.template.GroovyTemplateAutoConfiguration, org.springframework.boot.autoconfigure.gson.GsonAutoConfiguration, org.springframework.boot.autoconfigure.hateoas.HypermediaAutoConfiguration, org.springframework.boot.autoconfigure.http.HttpMessageConvertersAutoConfiguration, org.springframework.boot.autoconfigure.jackson.JacksonAutoConfiguration, org.springframework.boot.autoconfigure.jsonb.JsonbAutoConfiguration, org.springframework.boot.autoconfigure.mustache.MustacheAutoConfiguration, org.springframework.boot.autoconfigure.task.TaskExecutionAutoConfiguration, org.springframework.boot.autoconfigure.thymeleaf.ThymeleafAutoConfiguration, org.springframework.boot.autoconfigure.validation.ValidationAutoConfiguration, org.springframework.boot.autoconfigure.web.servlet.error.ErrorMvcAutoConfiguration, org.springframework.boot.autoconfigure.web.servlet.WebMvcAutoConfiguration, org.springframework.boot.test.autoconfigure.web.servlet.MockMvcAutoConfiguration, org.springframework.boot.test.autoconfigure.web.servlet.MockMvcWebClientAutoConfiguration, org.springframework.boot.test.autoconfigure.web.servlet.MockMvcWebDriverAutoConfiguration, org.springframework.boot.autoconfigure.security.servlet.SecurityAutoConfiguration, org.springframework.boot.autoconfigure.security.servlet.UserDetailsServiceAutoConfiguration, org.springframework.boot.test.autoconfigure.web.servlet.MockMvcSecurityConfiguration]], org.springframework.boot.test.context.filter.ExcludeFilterContextCustomizer@6cb1b53f, org.springframework.boot.test.json.DuplicateJsonObjectContextCustomizerFactory$DuplicateJsonObjectContextCustomizer@232abf47, org.springframework.boot.test.mock.mockito.MockitoContextCustomizer@84896409], resourceBasePath = 'src/main/webapp', contextLoader = 'org.springframework.boot.test.context.SpringBootContextLoader', parent = [null]], attributes = map[[empty]]], class annotated with @DirtiesContext [false] with mode [null].
18:42:03.737 [Test worker] DEBUG org.springframework.test.annotation.ProfileValueUtils - Retrieved @ProfileValueSourceConfiguration [null] for test class [ru.job4j.auth.controller.PersonControllerTest]
18:42:03.738 [Test worker] DEBUG org.springframework.test.annotation.ProfileValueUtils - Retrieved ProfileValueSource type [class org.springframework.test.annotation.SystemProfileValueSource] for class [ru.job4j.auth.controller.PersonControllerTest]
18:42:03.911 [Test worker] DEBUG org.springframework.test.context.support.TestPropertySourceUtils - Adding inlined properties to environment: {spring.jmx.enabled=false, org.springframework.boot.test.autoconfigure.web.servlet.WebMvcTestContextBootstrapper=true, server.port=-1}

  .   ____          _            __ _ _
 /\\ / ___'_ __ _ _(_)_ __  __ _ \ \ \ \
( ( )\___ | '_ | '_| | '_ \/ _` | \ \ \ \
 \\/  ___)| |_)| | | | | || (_| |  ) ) ) )
  '  |____| .__|_| |_|_| |_\__, | / / / /
 =========|_|==============|___/=/_/_/_/
 :: Spring Boot ::        (v2.2.6.RELEASE)

2020-08-14 18:42:04.561  INFO 21820 --- [    Test worker] r.j.a.controller.PersonControllerTest    : Starting PersonControllerTest on sekator-VivoBook-15-ASUS-Laptop-X540UB with PID 21820 (started by sekator in /home/sekator/чуже/job4j_rest-master)
2020-08-14 18:42:04.580  INFO 21820 --- [    Test worker] r.j.a.controller.PersonControllerTest    : No active profile set, falling back to default profiles: default
2020-08-14 18:42:06.906  INFO 21820 --- [    Test worker] o.s.s.concurrent.ThreadPoolTaskExecutor  : Initializing ExecutorService 'applicationTaskExecutor'
2020-08-14 18:42:07.295  INFO 21820 --- [    Test worker] o.s.b.t.m.w.SpringBootMockServletContext : Initializing Spring TestDispatcherServlet ''
2020-08-14 18:42:07.297  INFO 21820 --- [    Test worker] o.s.t.web.servlet.TestDispatcherServlet  : Initializing Servlet ''
2020-08-14 18:42:07.318  INFO 21820 --- [    Test worker] o.s.t.web.servlet.TestDispatcherServlet  : Completed initialization in 20 ms
2020-08-14 18:42:07.370  INFO 21820 --- [    Test worker] r.j.a.controller.PersonControllerTest    : Started PersonControllerTest in 3.442 seconds (JVM running for 5.064)
]]></system-out>
  <system-err><![CDATA[]]></system-err>
</testsuite>
